\BOOKMARK [0][-]{chapter*.4}{Nomenklatur}{}% 1
\BOOKMARK [0][-]{chapter.1}{Einleitung}{}% 2
\BOOKMARK [0][-]{chapter.2}{Latexbefehle beispielhaft erkl\344rt}{}% 3
\BOOKMARK [1][-]{section.2.1}{Tabellen einf\374gen}{chapter.2}% 4
\BOOKMARK [1][-]{section.2.2}{Graphen einf\374gen}{chapter.2}% 5
\BOOKMARK [1][-]{section.2.3}{Literaturverweise}{chapter.2}% 6
\BOOKMARK [1][-]{section.2.4}{Die mathematische Umgebung}{chapter.2}% 7
\BOOKMARK [1][-]{section.2.5}{Abk\374rzungen}{chapter.2}% 8
\BOOKMARK [0][-]{chapter.3}{Allgemeine Hilfen}{}% 9
\BOOKMARK [1][-]{section.3.1}{Gliederung der Arbeit}{chapter.3}% 10
\BOOKMARK [1][-]{section.3.2}{Hilfestellung f\374r die Gliederung der Arbeit}{chapter.3}% 11
\BOOKMARK [1][-]{section.3.3}{Kleine Schreibregeln}{chapter.3}% 12
\BOOKMARK [0][-]{chapter.4}{Hilfsprogramme}{}% 13
\BOOKMARK [1][-]{section.4.1}{Graphen erstellen}{chapter.4}% 14
\BOOKMARK [1][-]{section.4.2}{Latex-Editoren}{chapter.4}% 15
\BOOKMARK [1][-]{section.4.3}{Latexhilfen}{chapter.4}% 16
\BOOKMARK [1][-]{section.4.4}{Bilder erstellen}{chapter.4}% 17
\BOOKMARK [1][-]{section.4.5}{Weitere Programme}{chapter.4}% 18
\BOOKMARK [0][-]{chapter.5}{Zu guter Letzt}{}% 19
\BOOKMARK [0][-]{chapter*.12}{Literaturverzeichnis}{}% 20
\BOOKMARK [0][-]{appendix.A}{Inhaltliche Erg\344nzungen}{}% 21
